Arguments: 
  /usr/local/bin/node /usr/local/Cellar/yarn/1.2.1/libexec/bin/yarn.js add --dev webpack

PATH: 
  /usr/local/bin:/usr/bin:/bin:/usr/sbin:/sbin

Yarn version: 
  1.2.1

Node version: 
  8.0.0

Platform: 
  darwin x64

npm manifest: 
  {
    "name": "webpack3test",
    "version": "1.0.0",
    "description": "webpack3+vue Project",
    "main": "main.js",
    "author": "tangwenjun <tang1215@live.com>",
    "license": "MIT",
    "dependencies": {
      "vue": "^2.5.2"
    },
    "devDependencies": {
      "extract-text-webpack-plugin": "^3.0.1",
    }
  }

yarn manifest: 
  No manifest

Lockfile: 
  # THIS IS AN AUTOGENERATED FILE. DO NOT EDIT THIS FILE DIRECTLY.
  # yarn lockfile v1
  
  
  ajv@^5.0.0:
    version "5.3.0"
    resolved "https://registry.yarnpkg.com/ajv/-/ajv-5.3.0.tgz#4414ff74a50879c208ee5fdc826e32c303549eda"
    dependencies:
      co "^4.6.0"
      fast-deep-equal "^1.0.0"
      fast-json-stable-stringify "^2.0.0"
      json-schema-traverse "^0.3.0"
  
  async@^2.4.1:
    version "2.5.0"
    resolved "https://registry.yarnpkg.com/async/-/async-2.5.0.tgz#843190fd6b7357a0b9e1c956edddd5ec8462b54d"
    dependencies:
      lodash "^4.14.0"
  
  big.js@^3.1.3:
    version "3.2.0"
    resolved "https://registry.yarnpkg.com/big.js/-/big.js-3.2.0.tgz#a5fc298b81b9e0dca2e458824784b65c52ba588e"
  
  co@^4.6.0:
    version "4.6.0"
    resolved "https://registry.yarnpkg.com/co/-/co-4.6.0.tgz#6ea6bdf3d853ae54ccb8e47bfa0bf3f9031fb184"
  
  emojis-list@^2.0.0:
    version "2.1.0"
    resolved "https://registry.yarnpkg.com/emojis-list/-/emojis-list-2.1.0.tgz#4daa4d9db00f9819880c79fa457ae5b09a1fd389"
  
  extract-text-webpack-plugin@^3.0.1:
    version "3.0.1"
    resolved "https://registry.yarnpkg.com/extract-text-webpack-plugin/-/extract-text-webpack-plugin-3.0.1.tgz#605a8893faca1dd49bb0d2ca87493f33fd43d102"
    dependencies:
      async "^2.4.1"
      loader-utils "^1.1.0"
      schema-utils "^0.3.0"
      webpack-sources "^1.0.1"
  
  fast-deep-equal@^1.0.0:
    version "1.0.0"
    resolved "https://registry.yarnpkg.com/fast-deep-equal/-/fast-deep-equal-1.0.0.tgz#96256a3bc975595eb36d82e9929d060d893439ff"
  
  fast-json-stable-stringify@^2.0.0:
    version "2.0.0"
    resolved "https://registry.yarnpkg.com/fast-json-stable-stringify/-/fast-json-stable-stringify-2.0.0.tgz#d5142c0caee6b1189f87d3a76111064f86c8bbf2"
  
  json-schema-traverse@^0.3.0:
    version "0.3.1"
    resolved "https://registry.yarnpkg.com/json-schema-traverse/-/json-schema-traverse-0.3.1.tgz#349a6d44c53a51de89b40805c5d5e59b417d3340"
  
  json5@^0.5.0:
    version "0.5.1"
    resolved "https://registry.yarnpkg.com/json5/-/json5-0.5.1.tgz#1eade7acc012034ad84e2396767ead9fa5495821"
  
  loader-utils@^1.1.0:
    version "1.1.0"
    resolved "https://registry.yarnpkg.com/loader-utils/-/loader-utils-1.1.0.tgz#c98aef488bcceda2ffb5e2de646d6a754429f5cd"
    dependencies:
      big.js "^3.1.3"
      emojis-list "^2.0.0"
      json5 "^0.5.0"
  
  lodash@^4.14.0:
    version "4.17.4"
    resolved "https://registry.yarnpkg.com/lodash/-/lodash-4.17.4.tgz#78203a4d1c328ae1d86dca6460e369b57f4055ae"
  
  schema-utils@^0.3.0:
    version "0.3.0"
    resolved "https://registry.yarnpkg.com/schema-utils/-/schema-utils-0.3.0.tgz#f5877222ce3e931edae039f17eb3716e7137f8cf"
    dependencies:
      ajv "^5.0.0"
  
  source-list-map@^2.0.0:
    version "2.0.0"
    resolved "https://registry.yarnpkg.com/source-list-map/-/source-list-map-2.0.0.tgz#aaa47403f7b245a92fbc97ea08f250d6087ed085"
  
  source-map@~0.5.3:
    version "0.5.7"
    resolved "https://registry.yarnpkg.com/source-map/-/source-map-0.5.7.tgz#8a039d2d1021d22d1ea14c80d8ea468ba2ef3fcc"
  
  vue@^2.5.2:
    version "2.5.2"
    resolved "https://registry.yarnpkg.com/vue/-/vue-2.5.2.tgz#fd367a87bae7535e47f9dc5c9ec3b496e5feb5a4"
  
  webpack-sources@^1.0.1:
    version "1.0.1"
    resolved "https://registry.yarnpkg.com/webpack-sources/-/webpack-sources-1.0.1.tgz#c7356436a4d13123be2e2426a05d1dad9cbe65cf"
    dependencies:
      source-list-map "^2.0.0"
      source-map "~0.5.3"

Trace: 
  Error: https://registry.yarnpkg.com/webpack: ETIMEDOUT
      at Timeout._onTimeout (/usr/local/Cellar/yarn/1.2.1/libexec/lib/cli.js:123675:19)
      at ontimeout (timers.js:488:11)
      at tryOnTimeout (timers.js:323:5)
      at Timer.listOnTimeout (timers.js:283:5)
